[SessionsProcessor] Error processing session a7c2504b-23c8-4369-a1e2-9cba0eaa9602: Request failed with status code 500
Stack: AxiosError: Request failed with status code 500
    at settle (/Users/swarupshekhar/AndroidStudioProjects/EngR_app/backend-nest/node_modules/axios/lib/core/settle.js:19:12)
    at IncomingMessage.handleStreamEnd (/Users/swarupshekhar/AndroidStudioProjects/EngR_app/backend-nest/node_modules/axios/lib/adapters/http.js:798:11)
    at IncomingMessage.emit (node:events:531:35)
    at endReadableNT (node:internal/streams/readable:1698:12)
    at process.processTicksAndRejections (node:internal/process/task_queues:90:21)
    at Axios.request (/Users/swarupshekhar/AndroidStudioProjects/EngR_app/backend-nest/node_modules/axios/lib/core/Axios.js:46:41)
    at process.processTicksAndRejections (node:internal/process/task_queues:105:5)
[SessionsProcessor] Error processing session a7c2504b-23c8-4369-a1e2-9cba0eaa9602: Request failed with status code 500
Stack: AxiosError: Request failed with status code 500
    at settle (/Users/swarupshekhar/AndroidStudioProjects/EngR_app/backend-nest/node_modules/axios/lib/core/settle.js:19:12)
    at IncomingMessage.handleStreamEnd (/Users/swarupshekhar/AndroidStudioProjects/EngR_app/backend-nest/node_modules/axios/lib/adapters/http.js:798:11)
    at IncomingMessage.emit (node:events:531:35)
    at endReadableNT (node:internal/streams/readable:1698:12)
    at process.processTicksAndRejections (node:internal/process/task_queues:90:21)
    at Axios.request (/Users/swarupshekhar/AndroidStudioProjects/EngR_app/backend-nest/node_modules/axios/lib/core/Axios.js:46:41)
    at process.processTicksAndRejections (node:internal/process/task_queues:105:5)
[SessionsProcessor] Error processing session a7c2504b-23c8-4369-a1e2-9cba0eaa9602: Request failed with status code 500
Stack: AxiosError: Request failed with status code 500
    at settle (/Users/swarupshekhar/AndroidStudioProjects/EngR_app/backend-nest/node_modules/axios/lib/core/settle.js:19:12)
    at IncomingMessage.handleStreamEnd (/Users/swarupshekhar/AndroidStudioProjects/EngR_app/backend-nest/node_modules/axios/lib/adapters/http.js:798:11)
    at IncomingMessage.emit (node:events:531:35)
    at endReadableNT (node:internal/streams/readable:1698:12)
    at process.processTicksAndRejections (node:internal/process/task_queues:90:21)
    at Axios.request (/Users/swarupshekhar/AndroidStudioProjects/EngR_app/backend-nest/node_modules/axios/lib/core/Axios.js:46:41)
    at process.processTicksAndRejections (node:internal/process/task_queues:105:5)
[SessionsProcessor] Error processing session 23b37d56-3511-449d-9d51-251e5c231df9: 
Stack: AggregateError
    at Function.from (/Users/swarupshekhar/AndroidStudioProjects/EngR_app/backend-nest/node_modules/axios/lib/core/AxiosError.js:7:28)
    at RedirectableRequest.handleRequestError (/Users/swarupshekhar/AndroidStudioProjects/EngR_app/backend-nest/node_modules/axios/lib/adapters/http.js:820:25)
    at RedirectableRequest.emit (node:events:519:28)
    at eventHandlers.<computed> (/Users/swarupshekhar/AndroidStudioProjects/EngR_app/backend-nest/node_modules/follow-redirects/index.js:49:24)
    at ClientRequest.emit (node:events:519:28)
    at emitErrorEvent (node:_http_client:105:11)
    at Socket.socketErrorListener (node:_http_client:518:5)
    at Socket.emit (node:events:519:28)
    at emitErrorNT (node:internal/streams/destroy:170:8)
    at emitErrorCloseNT (node:internal/streams/destroy:129:3)
    at Axios.request (/Users/swarupshekhar/AndroidStudioProjects/EngR_app/backend-nest/node_modules/axios/lib/core/Axios.js:46:41)
    at process.processTicksAndRejections (node:internal/process/task_queues:105:5)
[SessionsProcessor] Error processing session 23b37d56-3511-449d-9d51-251e5c231df9: 
Stack: AggregateError
    at Function.from (/Users/swarupshekhar/AndroidStudioProjects/EngR_app/backend-nest/node_modules/axios/lib/core/AxiosError.js:7:28)
    at RedirectableRequest.handleRequestError (/Users/swarupshekhar/AndroidStudioProjects/EngR_app/backend-nest/node_modules/axios/lib/adapters/http.js:820:25)
    at RedirectableRequest.emit (node:events:531:35)
    at eventHandlers.<computed> (/Users/swarupshekhar/AndroidStudioProjects/EngR_app/backend-nest/node_modules/follow-redirects/index.js:49:24)
    at ClientRequest.emit (node:events:519:28)
    at emitErrorEvent (node:_http_client:105:11)
    at Socket.socketErrorListener (node:_http_client:518:5)
    at Socket.emit (node:events:519:28)
    at emitErrorNT (node:internal/streams/destroy:170:8)
    at emitErrorCloseNT (node:internal/streams/destroy:129:3)
    at Axios.request (/Users/swarupshekhar/AndroidStudioProjects/EngR_app/backend-nest/node_modules/axios/lib/core/Axios.js:46:41)
    at process.processTicksAndRejections (node:internal/process/task_queues:105:5)
[SessionsProcessor] Error processing session 23b37d56-3511-449d-9d51-251e5c231df9: 
Stack: AggregateError
    at Function.from (/Users/swarupshekhar/AndroidStudioProjects/EngR_app/backend-nest/node_modules/axios/lib/core/AxiosError.js:7:28)
    at RedirectableRequest.handleRequestError (/Users/swarupshekhar/AndroidStudioProjects/EngR_app/backend-nest/node_modules/axios/lib/adapters/http.js:820:25)
    at RedirectableRequest.emit (node:events:531:35)
    at eventHandlers.<computed> (/Users/swarupshekhar/AndroidStudioProjects/EngR_app/backend-nest/node_modules/follow-redirects/index.js:49:24)
    at ClientRequest.emit (node:events:519:28)
    at emitErrorEvent (node:_http_client:105:11)
    at Socket.socketErrorListener (node:_http_client:518:5)
    at Socket.emit (node:events:519:28)
    at emitErrorNT (node:internal/streams/destroy:170:8)
    at emitErrorCloseNT (node:internal/streams/destroy:129:3)
    at Axios.request (/Users/swarupshekhar/AndroidStudioProjects/EngR_app/backend-nest/node_modules/axios/lib/core/Axios.js:46:41)
    at process.processTicksAndRejections (node:internal/process/task_queues:105:5)
[SessionsProcessor] Error processing session 246085ae-cab4-45de-9f0a-fec43ed9e7c7: 
Stack: AggregateError
    at Function.from (/Users/swarupshekhar/AndroidStudioProjects/EngR_app/backend-nest/node_modules/axios/lib/core/AxiosError.js:7:28)
    at RedirectableRequest.handleRequestError (/Users/swarupshekhar/AndroidStudioProjects/EngR_app/backend-nest/node_modules/axios/lib/adapters/http.js:820:25)
    at RedirectableRequest.emit (node:events:531:35)
    at eventHandlers.<computed> (/Users/swarupshekhar/AndroidStudioProjects/EngR_app/backend-nest/node_modules/follow-redirects/index.js:49:24)
    at ClientRequest.emit (node:events:519:28)
    at emitErrorEvent (node:_http_client:105:11)
    at Socket.socketErrorListener (node:_http_client:518:5)
    at Socket.emit (node:events:519:28)
    at emitErrorNT (node:internal/streams/destroy:170:8)
    at emitErrorCloseNT (node:internal/streams/destroy:129:3)
    at Axios.request (/Users/swarupshekhar/AndroidStudioProjects/EngR_app/backend-nest/node_modules/axios/lib/core/Axios.js:46:41)
    at process.processTicksAndRejections (node:internal/process/task_queues:105:5)
[SessionsProcessor] Error processing session 246085ae-cab4-45de-9f0a-fec43ed9e7c7: 
Stack: AggregateError
    at Function.from (/Users/swarupshekhar/AndroidStudioProjects/EngR_app/backend-nest/node_modules/axios/lib/core/AxiosError.js:7:28)
    at RedirectableRequest.handleRequestError (/Users/swarupshekhar/AndroidStudioProjects/EngR_app/backend-nest/node_modules/axios/lib/adapters/http.js:820:25)
    at RedirectableRequest.emit (node:events:519:28)
    at eventHandlers.<computed> (/Users/swarupshekhar/AndroidStudioProjects/EngR_app/backend-nest/node_modules/follow-redirects/index.js:49:24)
    at ClientRequest.emit (node:events:519:28)
    at emitErrorEvent (node:_http_client:105:11)
    at Socket.socketErrorListener (node:_http_client:518:5)
    at Socket.emit (node:events:519:28)
    at emitErrorNT (node:internal/streams/destroy:170:8)
    at emitErrorCloseNT (node:internal/streams/destroy:129:3)
    at Axios.request (/Users/swarupshekhar/AndroidStudioProjects/EngR_app/backend-nest/node_modules/axios/lib/core/Axios.js:46:41)
    at process.processTicksAndRejections (node:internal/process/task_queues:105:5)
[SessionsProcessor] Error processing session 246085ae-cab4-45de-9f0a-fec43ed9e7c7: 
Stack: AggregateError
    at Function.from (/Users/swarupshekhar/AndroidStudioProjects/EngR_app/backend-nest/node_modules/axios/lib/core/AxiosError.js:7:28)
    at RedirectableRequest.handleRequestError (/Users/swarupshekhar/AndroidStudioProjects/EngR_app/backend-nest/node_modules/axios/lib/adapters/http.js:820:25)
    at RedirectableRequest.emit (node:events:519:28)
    at eventHandlers.<computed> (/Users/swarupshekhar/AndroidStudioProjects/EngR_app/backend-nest/node_modules/follow-redirects/index.js:49:24)
    at ClientRequest.emit (node:events:519:28)
    at emitErrorEvent (node:_http_client:105:11)
    at Socket.socketErrorListener (node:_http_client:518:5)
    at Socket.emit (node:events:519:28)
    at emitErrorNT (node:internal/streams/destroy:170:8)
    at emitErrorCloseNT (node:internal/streams/destroy:129:3)
    at Axios.request (/Users/swarupshekhar/AndroidStudioProjects/EngR_app/backend-nest/node_modules/axios/lib/core/Axios.js:46:41)
    at process.processTicksAndRejections (node:internal/process/task_queues:105:5)
[SessionsProcessor] Error processing session 246085ae-cab4-45de-9f0a-fec43ed9e7c7: 
Stack: AggregateError
    at Function.from (/Users/swarupshekhar/AndroidStudioProjects/EngR_app/backend-nest/node_modules/axios/lib/core/AxiosError.js:7:28)
    at RedirectableRequest.handleRequestError (/Users/swarupshekhar/AndroidStudioProjects/EngR_app/backend-nest/node_modules/axios/lib/adapters/http.js:820:25)
    at RedirectableRequest.emit (node:events:519:28)
    at eventHandlers.<computed> (/Users/swarupshekhar/AndroidStudioProjects/EngR_app/backend-nest/node_modules/follow-redirects/index.js:49:24)
    at ClientRequest.emit (node:events:519:28)
    at emitErrorEvent (node:_http_client:105:11)
    at Socket.socketErrorListener (node:_http_client:518:5)
    at Socket.emit (node:events:519:28)
    at emitErrorNT (node:internal/streams/destroy:170:8)
    at emitErrorCloseNT (node:internal/streams/destroy:129:3)
    at Axios.request (/Users/swarupshekhar/AndroidStudioProjects/EngR_app/backend-nest/node_modules/axios/lib/core/Axios.js:46:41)
    at process.processTicksAndRejections (node:internal/process/task_queues:105:5)
[SessionsProcessor] Error processing session 246085ae-cab4-45de-9f0a-fec43ed9e7c7: 
Stack: AggregateError
    at Function.from (/Users/swarupshekhar/AndroidStudioProjects/EngR_app/backend-nest/node_modules/axios/lib/core/AxiosError.js:7:28)
    at RedirectableRequest.handleRequestError (/Users/swarupshekhar/AndroidStudioProjects/EngR_app/backend-nest/node_modules/axios/lib/adapters/http.js:820:25)
    at RedirectableRequest.emit (node:events:519:28)
    at eventHandlers.<computed> (/Users/swarupshekhar/AndroidStudioProjects/EngR_app/backend-nest/node_modules/follow-redirects/index.js:49:24)
    at ClientRequest.emit (node:events:519:28)
    at emitErrorEvent (node:_http_client:105:11)
    at Socket.socketErrorListener (node:_http_client:518:5)
    at Socket.emit (node:events:519:28)
    at emitErrorNT (node:internal/streams/destroy:170:8)
    at emitErrorCloseNT (node:internal/streams/destroy:129:3)
    at Axios.request (/Users/swarupshekhar/AndroidStudioProjects/EngR_app/backend-nest/node_modules/axios/lib/core/Axios.js:46:41)
    at process.processTicksAndRejections (node:internal/process/task_queues:105:5)
[SessionsProcessor] Error processing session 246085ae-cab4-45de-9f0a-fec43ed9e7c7: 
Stack: AggregateError
    at Function.from (/Users/swarupshekhar/AndroidStudioProjects/EngR_app/backend-nest/node_modules/axios/lib/core/AxiosError.js:7:28)
    at RedirectableRequest.handleRequestError (/Users/swarupshekhar/AndroidStudioProjects/EngR_app/backend-nest/node_modules/axios/lib/adapters/http.js:820:25)
    at RedirectableRequest.emit (node:events:531:35)
    at eventHandlers.<computed> (/Users/swarupshekhar/AndroidStudioProjects/EngR_app/backend-nest/node_modules/follow-redirects/index.js:49:24)
    at ClientRequest.emit (node:events:519:28)
    at emitErrorEvent (node:_http_client:105:11)
    at Socket.socketErrorListener (node:_http_client:518:5)
    at Socket.emit (node:events:519:28)
    at emitErrorNT (node:internal/streams/destroy:170:8)
    at emitErrorCloseNT (node:internal/streams/destroy:129:3)
    at Axios.request (/Users/swarupshekhar/AndroidStudioProjects/EngR_app/backend-nest/node_modules/axios/lib/core/Axios.js:46:41)
    at process.processTicksAndRejections (node:internal/process/task_queues:105:5)
[SessionsProcessor] Error processing session c558d3c3-4203-473a-be0a-ad41bddd8e04: Request failed with status code 400
Stack: AxiosError: Request failed with status code 400
    at settle (/Users/swarupshekhar/AndroidStudioProjects/EngR_app/backend-nest/node_modules/axios/lib/core/settle.js:19:12)
    at Unzip.handleStreamEnd (/Users/swarupshekhar/AndroidStudioProjects/EngR_app/backend-nest/node_modules/axios/lib/adapters/http.js:798:11)
    at Unzip.emit (node:events:519:28)
    at endReadableNT (node:internal/streams/readable:1698:12)
    at process.processTicksAndRejections (node:internal/process/task_queues:90:21)
    at Axios.request (/Users/swarupshekhar/AndroidStudioProjects/EngR_app/backend-nest/node_modules/axios/lib/core/Axios.js:46:41)
    at process.processTicksAndRejections (node:internal/process/task_queues:105:5)
[SessionsProcessor] Error processing session c558d3c3-4203-473a-be0a-ad41bddd8e04: Request failed with status code 400
Stack: AxiosError: Request failed with status code 400
    at settle (/Users/swarupshekhar/AndroidStudioProjects/EngR_app/backend-nest/node_modules/axios/lib/core/settle.js:19:12)
    at Unzip.handleStreamEnd (/Users/swarupshekhar/AndroidStudioProjects/EngR_app/backend-nest/node_modules/axios/lib/adapters/http.js:798:11)
    at Unzip.emit (node:events:519:28)
    at endReadableNT (node:internal/streams/readable:1698:12)
    at process.processTicksAndRejections (node:internal/process/task_queues:90:21)
    at Axios.request (/Users/swarupshekhar/AndroidStudioProjects/EngR_app/backend-nest/node_modules/axios/lib/core/Axios.js:46:41)
    at process.processTicksAndRejections (node:internal/process/task_queues:105:5)
[SessionsProcessor] Error processing session c558d3c3-4203-473a-be0a-ad41bddd8e04: Request failed with status code 400
Stack: AxiosError: Request failed with status code 400
    at settle (/Users/swarupshekhar/AndroidStudioProjects/EngR_app/backend-nest/node_modules/axios/lib/core/settle.js:19:12)
    at Unzip.handleStreamEnd (/Users/swarupshekhar/AndroidStudioProjects/EngR_app/backend-nest/node_modules/axios/lib/adapters/http.js:798:11)
    at Unzip.emit (node:events:519:28)
    at endReadableNT (node:internal/streams/readable:1698:12)
    at process.processTicksAndRejections (node:internal/process/task_queues:90:21)
    at Axios.request (/Users/swarupshekhar/AndroidStudioProjects/EngR_app/backend-nest/node_modules/axios/lib/core/Axios.js:46:41)
    at process.processTicksAndRejections (node:internal/process/task_queues:105:5)
